2023-10-26 14:09:20,221 [Worker-5: Loading available Gradle versions] INFO  o.e.b.c.i.u.g.PublishedGradleVersions - Gradle version information cache is up-to-date. Trying to read.
2023-10-26 14:10:19,578 [Worker-3: Importing Maven projects] INFO  o.e.m.c.i.l.LifecycleMappingFactory - Using org.eclipse.m2e.jdt.JarLifecycleMapping lifecycle mapping for MavenProject: com.app:app:0.0.1-SNAPSHOT @ /home/torres/Documentos/spring/app/pom.xml.
2023-10-26 14:10:21,940 [Worker-3: Importing Maven projects] INFO  o.e.m.c.i.e.AbstractTransferListenerAdapter - Downloading https://repo.maven.apache.org/maven2/org/springframework/boot/spring-boot-devtools/3.1.5/spring-boot-devtools-3.1.5.pom
2023-10-26 14:10:22,004 [Worker-3: Importing Maven projects] INFO  o.e.m.c.i.e.AbstractTransferListenerAdapter - Downloaded https://repo.maven.apache.org/maven2/org/springframework/boot/spring-boot-devtools/3.1.5/spring-boot-devtools-3.1.5.pom
2023-10-26 14:10:22,712 [Worker-3: Importing Maven projects] INFO  o.e.m.c.i.e.AbstractTransferListenerAdapter - Downloading https://repo.maven.apache.org/maven2/org/springframework/boot/spring-boot-devtools/3.1.5/spring-boot-devtools-3.1.5.jar
2023-10-26 14:10:22,896 [Worker-3: Importing Maven projects] INFO  o.e.m.c.i.e.AbstractTransferListenerAdapter - Downloaded https://repo.maven.apache.org/maven2/org/springframework/boot/spring-boot-devtools/3.1.5/spring-boot-devtools-3.1.5.jar
2023-10-26 14:10:25,714 [Worker-3: Importing Maven projects] INFO  o.e.m.j.i.AbstractJavaProjectConfigurator - Adding source folder /app/src/main/java
2023-10-26 14:10:25,715 [Worker-3: Importing Maven projects] INFO  o.e.m.j.i.AbstractJavaProjectConfigurator - Adding resource folder /app/src/main/resources
2023-10-26 14:10:25,719 [Worker-3: Importing Maven projects] INFO  o.e.m.j.i.AbstractJavaProjectConfigurator - Adding resource folder /app/src/main/resources
2023-10-26 14:10:25,725 [Worker-3: Importing Maven projects] INFO  o.e.m.j.i.AbstractJavaProjectConfigurator - Adding source folder /app/src/test/java
2023-10-26 14:10:25,727 [Worker-3: Importing Maven projects] INFO  o.e.m.j.i.AbstractJavaProjectConfigurator - Adding resource folder /app/src/test/resources
2023-10-26 14:10:26,223 [Worker-7: Download sources and javadoc] INFO  o.e.m.c.i.e.AbstractTransferListenerAdapter - Downloading https://repo.maven.apache.org/maven2/org/springframework/boot/spring-boot-devtools/3.1.5/spring-boot-devtools-3.1.5-sources.jar
2023-10-26 14:10:26,286 [Worker-7: Download sources and javadoc] INFO  o.e.m.c.i.e.AbstractTransferListenerAdapter - Downloaded https://repo.maven.apache.org/maven2/org/springframework/boot/spring-boot-devtools/3.1.5/spring-boot-devtools-3.1.5-sources.jar
2023-10-26 14:10:26,290 [Worker-7: Download sources and javadoc] INFO  o.e.m.j.internal.DownloadSourcesJob - Downloaded sources for org.springframework.boot:spring-boot-devtools:3.1.5
2023-10-26 14:10:29,918 [Worker-3: Importing Maven projects] INFO  o.e.m.c.i.p.ProjectConfigurationManager - Imported and configured 1 project(s) in 16 sec
2023-10-26 14:10:34,771 [Worker-1: Building] INFO  o.a.m.s.f.DefaultMavenResourcesFiltering - Copying 1 resource from src/main/resources to target/classes
2023-10-26 14:10:34,996 [Worker-1: Building] INFO  o.a.m.s.f.DefaultMavenResourcesFiltering - Copying 0 resource from src/main/resources to target/classes
2023-10-26 14:10:35,039 [Worker-1: Building] INFO  o.a.m.s.f.DefaultMavenResourcesFiltering - skip non existing resourceDirectory /home/torres/Documentos/spring/app/src/test/resources
2023-10-26 14:12:58,108 [Worker-4: Building] INFO  o.a.m.s.f.DefaultMavenResourcesFiltering - Copying 1 resource from src/main/resources to target/classes
2023-10-26 14:12:58,164 [Worker-4: Building] INFO  o.a.m.s.f.DefaultMavenResourcesFiltering - Copying 0 resource from src/main/resources to target/classes
2023-10-26 14:12:58,173 [Worker-4: Building] INFO  o.a.m.s.f.DefaultMavenResourcesFiltering - skip non existing resourceDirectory /home/torres/Documentos/spring/app/src/test/resources
2023-10-26 14:18:25,538 [Worker-16: Building] INFO  o.a.m.s.f.DefaultMavenResourcesFiltering - Copying 1 resource from src/main/resources to target/classes
2023-10-26 14:18:25,553 [Worker-16: Building] INFO  o.a.m.s.f.DefaultMavenResourcesFiltering - Copying 0 resource from src/main/resources to target/classes
2023-10-26 14:18:25,569 [Worker-16: Building] INFO  o.a.m.s.f.DefaultMavenResourcesFiltering - skip non existing resourceDirectory /home/torres/Documentos/spring/app/src/test/resources
2023-10-26 14:20:30,284 [Start Help Server] INFO  org.eclipse.jetty.server.Server - jetty-10.0.15; built: 2023-04-11T17:25:14.480Z; git: 68017dbd00236bb7e187330d7585a059610f661d; jvm 17.0.8.1+1
2023-10-26 14:20:30,340 [Start Help Server] INFO  o.e.j.s.s.DefaultSessionIdManager - Session workerName=node0
2023-10-26 14:20:30,444 [Start Help Server] INFO  o.e.j.server.handler.ContextHandler - Started o.e.j.s.ServletContextHandler@42500ab6{/help,null,AVAILABLE}
2023-10-26 14:20:30,469 [Start Help Server] INFO  o.e.jetty.server.AbstractConnector - Started ServerConnector@3c457bc6{HTTP/1.1, (http/1.1)}{127.0.0.1:40501}
2023-10-26 14:20:30,498 [Start Help Server] INFO  org.eclipse.jetty.server.Server - Started Server@1dcf53b7{STARTING}[10.0.15,sto=0] @721596ms
2023-10-26 14:24:46,318 [Worker-13: Building] INFO  o.a.m.s.f.DefaultMavenResourcesFiltering - Copying 1 resource from src/main/resources to target/classes
2023-10-26 14:24:46,331 [Worker-13: Building] INFO  o.a.m.s.f.DefaultMavenResourcesFiltering - Copying 0 resource from src/main/resources to target/classes
2023-10-26 14:24:46,339 [Worker-13: Building] INFO  o.a.m.s.f.DefaultMavenResourcesFiltering - skip non existing resourceDirectory /home/torres/Documentos/spring/app/src/test/resources
2023-10-26 14:27:47,855 [Worker-13: Building] INFO  o.a.m.s.f.DefaultMavenResourcesFiltering - Copying 1 resource from src/main/resources to target/classes
2023-10-26 14:27:47,869 [Worker-13: Building] INFO  o.a.m.s.f.DefaultMavenResourcesFiltering - Copying 0 resource from src/main/resources to target/classes
2023-10-26 14:27:47,877 [Worker-13: Building] INFO  o.a.m.s.f.DefaultMavenResourcesFiltering - skip non existing resourceDirectory /home/torres/Documentos/spring/app/src/test/resources
2023-10-26 14:29:11,523 [Worker-2: Building] INFO  o.a.m.s.f.DefaultMavenResourcesFiltering - Copying 1 resource from src/main/resources to target/classes
2023-10-26 14:29:11,536 [Worker-2: Building] INFO  o.a.m.s.f.DefaultMavenResourcesFiltering - Copying 0 resource from src/main/resources to target/classes
2023-10-26 14:29:11,543 [Worker-2: Building] INFO  o.a.m.s.f.DefaultMavenResourcesFiltering - skip non existing resourceDirectory /home/torres/Documentos/spring/app/src/test/resources
2023-10-26 14:32:24,667 [Worker-1: Building] INFO  o.a.m.s.f.DefaultMavenResourcesFiltering - Copying 1 resource from src/main/resources to target/classes
2023-10-26 14:32:24,680 [Worker-1: Building] INFO  o.a.m.s.f.DefaultMavenResourcesFiltering - Copying 0 resource from src/main/resources to target/classes
2023-10-26 14:32:24,687 [Worker-1: Building] INFO  o.a.m.s.f.DefaultMavenResourcesFiltering - skip non existing resourceDirectory /home/torres/Documentos/spring/app/src/test/resources
2023-10-26 15:13:45,271 [Stop Help Server] INFO  org.eclipse.jetty.server.Server - Stopped Server@1dcf53b7{STOPPING}[10.0.15,sto=0]
2023-10-26 15:13:45,534 [Stop Help Server] INFO  o.e.jetty.server.AbstractConnector - Stopped ServerConnector@3c457bc6{HTTP/1.1, (http/1.1)}{127.0.0.1:0}
2023-10-26 15:13:45,566 [Stop Help Server] INFO  o.e.j.server.handler.ContextHandler - Stopped o.e.j.s.ServletContextHandler@42500ab6{/help,null,STOPPED}
